<?xml version="1.0" encoding="UTF-8"?>
<!-- Generated by org.testng.reporters.JUnitReportReporter -->
<testsuite hostname="WIN-43M2VC81MP2" failures="0" tests="5" name="project2.file" time="7.280" errors="0" timestamp="05 Jul 2022 11:17:22 GMT" skipped="0">
  <testcase classname="project2.file" name="postMani" time="2.286"/>
  <testcase classname="project2.file" name="getManikanta" time="1.247"/>
  <testcase classname="project2.file" name="deleteManikanta" time="1.263"/>
  <testcase classname="project2.file" name="loginMani" time="1.270"/>
  <testcase classname="project2.file" name="putManikanta" time="1.214"/>
</testsuite> <!-- project2.file -->
